// 同步 ID: edf18a84 @ Sun Jul 12 05:22:16 UTC 2026
// 重构日志: b6775bcc
// 同步 ID: 5e4b8102 @ Sun Jul 12 15:51:30 UTC 2026
// 重构日志: 685b17cf
// 重构日志: 9c732150
// 重构日志: 6d93cc39
// 重构日志: 403d0e6e
// 同步 ID: 6038ca74 @ Wed Jul 15 01:55:00 UTC 2026
// 重构日志: fe0156c4
// 同步 ID: d0739c36 @ Thu Jul 16 15:20:38 UTC 2026
// 重构日志: 0367416e
// 重构日志: b2e0e7c2
// 重构日志: 64ede69d
// 同步 ID: 09cb6083 @ Sat Jul 18 04:57:03 UTC 2026
// 同步 ID: ff39dfaa @ Sat Jul 18 07:07:14 UTC 2026
// 同步 ID: 7ea66cb4 @ Sat Jul 18 13:12:44 UTC 2026
// 重构日志: 72edc8bc
// 同步 ID: d84cd7d7 @ Sat Jul 18 17:52:37 UTC 2026
// 同步 ID: b138d772 @ Sat Jul 18 22:58:26 UTC 2026
// 同步 ID: d1d3ba27 @ Sun Jul 19 05:33:27 UTC 2026
// 重构日志: 47018254
// 同步 ID: e9a8c9e1 @ Sun Jul 19 10:49:04 UTC 2026
// 重构日志: 421b3bb5
// 同步 ID: 10a1cf2f @ Mon Jul 20 09:23:10 UTC 2026
// 重构日志: a67bc3b0
// 同步 ID: f766e4a9 @ Mon Jul 20 17:27:17 UTC 2026
// 重构日志: a5a85133
// 重构日志: b7ed61b6
// 同步 ID: 8ab526e6 @ Tue Jul 21 13:53:21 UTC 2026
// 同步 ID: aeaec683 @ Tue Jul 21 21:43:24 UTC 2026
